2024-05-13 08:31:19 Warning: Warning (2): Invalid argument supplied for foreach() in [C:\wamp\www\AbayERP_UPdate\cake\libs\model\datasources\dbo_source.php, line 1091]
2024-05-13 08:31:43 Warning: Warning (2): Invalid argument supplied for foreach() in [C:\wamp\www\AbayERP_UPdate\cake\libs\model\datasources\dbo_source.php, line 1091]
2024-05-13 08:31:43 Warning: Warning (2): Invalid argument supplied for foreach() in [C:\wamp\www\AbayERP_UPdate\cake\libs\model\datasources\dbo_source.php, line 1091]
2024-05-13 08:33:55 Warning: Warning (2): Invalid argument supplied for foreach() in [C:\wamp\www\AbayERP_UPdate\cake\libs\model\datasources\dbo_source.php, line 1091]
2024-05-13 08:33:55 Warning: Warning (2): Invalid argument supplied for foreach() in [C:\wamp\www\AbayERP_UPdate\cake\libs\model\datasources\dbo_source.php, line 1091]
2024-05-13 08:35:14 Warning: Warning (2): Invalid argument supplied for foreach() in [C:\wamp\www\AbayERP_UPdate\cake\libs\model\datasources\dbo_source.php, line 1091]
2024-05-13 08:35:14 Warning: Warning (2): Invalid argument supplied for foreach() in [C:\wamp\www\AbayERP_UPdate\cake\libs\model\datasources\dbo_source.php, line 1091]
2024-05-13 08:36:14 Warning: Warning (2): Invalid argument supplied for foreach() in [C:\wamp\www\AbayERP_UPdate\cake\libs\model\datasources\dbo_source.php, line 1091]
2024-05-13 11:19:07 Warning: Warning (2): Invalid argument supplied for foreach() in [C:\wamp\www\AbayERP_UPdate\cake\libs\model\datasources\dbo_source.php, line 1091]
2024-05-13 11:19:08 Warning: Warning (2): Invalid argument supplied for foreach() in [C:\wamp\www\AbayERP_UPdate\cake\libs\model\datasources\dbo_source.php, line 1091]
2024-05-13 14:00:14 Warning: Warning (2): Invalid argument supplied for foreach() in [C:\wamp\www\AbayERP_UPdate\cake\libs\model\datasources\dbo_source.php, line 1091]
2024-05-16 08:04:13 Warning: Warning (2): Invalid argument supplied for foreach() in [C:\wamp\www\AbayERP_UPdate\app\views\grades\list_data.ctp, line 5]
2024-05-16 08:04:23 Warning: Warning (2): Invalid argument supplied for foreach() in [C:\wamp\www\AbayERP_UPdate\app\views\employees\search_emp2.ctp, line 7]
2024-05-16 08:05:30 Warning: Warning (2): Invalid argument supplied for foreach() in [C:\wamp\www\AbayERP_UPdate\app\views\positions\index3.ctp, line 193]
2024-05-17 07:00:56 Warning: Warning (2): Invalid argument supplied for foreach() in [C:\wamp\www\AbayERP_UPdate\cake\libs\model\datasources\dbo_source.php, line 1091]
2024-05-17 07:13:58 Warning: Warning (2): Invalid argument supplied for foreach() in [C:\wamp\www\AbayERP_UPdate\cake\libs\model\datasources\dbo_source.php, line 1091]
2024-05-27 08:08:29 Warning: Warning (2): Invalid argument supplied for foreach() in [C:\wamp\www\AbayERP_UPdate\cake\libs\model\datasources\dbo_source.php, line 1091]
2024-05-27 08:33:20 Warning: Warning (2): unlink(C:\wamp\www\AbayERP_UPdate\app\tmp\cache\persistent\cake_core_default_en_gb) [<a href='http://php.net/function.unlink'>function.unlink</a>]: Permission denied in [C:\wamp\www\AbayERP_UPdate\cake\libs\file.php, line 296]
2024-05-27 08:33:20 Warning: Warning (2): unlink(C:\wamp\www\AbayERP_UPdate\app\tmp\cache\models\cake_model_default_mis_letters) [<a href='http://php.net/function.unlink'>function.unlink</a>]: Permission denied in [C:\wamp\www\AbayERP_UPdate\cake\libs\file.php, line 296]
2024-05-29 13:01:24 Warning: Warning (2): Invalid argument supplied for foreach() in [C:\wamp\www\AbayERP_UPdate\app\controllers\reports_controller.php, line 200]
2024-05-29 13:24:06 Warning: Warning (2): Invalid argument supplied for foreach() in [C:\wamp\www\AbayERP_UPdate\app\controllers\reports_controller.php, line 200]
2024-05-29 13:26:27 Warning: Warning (2): Invalid argument supplied for foreach() in [C:\wamp\www\AbayERP_UPdate\app\controllers\reports_controller.php, line 200]
2024-05-29 13:27:15 Warning: Warning (2): Invalid argument supplied for foreach() in [C:\wamp\www\AbayERP_UPdate\app\controllers\reports_controller.php, line 200]
2024-05-29 13:27:46 Warning: Warning (2): Invalid argument supplied for foreach() in [C:\wamp\www\AbayERP_UPdate\app\controllers\reports_controller.php, line 200]
2024-06-11 13:24:19 Warning: Warning (2): Invalid argument supplied for foreach() in [C:\wamp\www\AbayERP_UPdate\app\plugins\mis\views\mis_letter_details\list_data_1.ctp, line 5]
2024-06-11 13:24:52 Warning: Warning (2): Invalid argument supplied for foreach() in [C:\wamp\www\AbayERP_UPdate\app\plugins\mis\views\mis_letter_details\list_data_1.ctp, line 5]
2024-06-28 08:05:22 Warning: Warning (512): <span style="color:Red;text-align:left"><b>SQL Error:</b> 1054: Unknown column 'User.password' in 'where clause'</span> in [C:\wamp\www\AbayERP_UPdate\cake\libs\model\datasources\dbo_source.php, line 681]
2024-06-28 08:06:20 Warning: Warning (512): <span style="color:Red;text-align:left"><b>SQL Error:</b> 1054: Unknown column 'User.password' in 'where clause'</span> in [C:\wamp\www\AbayERP_UPdate\cake\libs\model\datasources\dbo_source.php, line 681]
2024-06-28 08:08:50 Warning: Warning (512): <span style="color:Red;text-align:left"><b>SQL Error:</b> 1054: Unknown column 'User.password' in 'where clause'</span> in [C:\wamp\www\AbayERP_UPdate\cake\libs\model\datasources\dbo_source.php, line 681]
2024-06-28 08:10:38 Warning: Warning (512): <span style="color:Red;text-align:left"><b>SQL Error:</b> 1054: Unknown column 'User.password' in 'where clause'</span> in [C:\wamp\www\AbayERP_UPdate\cake\libs\model\datasources\dbo_source.php, line 681]
2024-06-28 11:05:18 Warning: Warning (512): <span style="color:Red;text-align:left"><b>SQL Error:</b> 1054: Unknown column 'User.password' in 'where clause'</span> in [C:\wamp\www\AbayERP_UPdate\cake\libs\model\datasources\dbo_source.php, line 681]
2024-06-28 13:34:39 Warning: Warning (512): <span style="color:Red;text-align:left"><b>SQL Error:</b> 1054: Unknown column 'User.password' in 'where clause'</span> in [C:\wamp\www\AbayERP_UPdate\cake\libs\model\datasources\dbo_source.php, line 681]
2024-06-28 13:35:57 Warning: Warning (512): <span style="color:Red;text-align:left"><b>SQL Error:</b> 1054: Unknown column 'User.password' in 'where clause'</span> in [C:\wamp\www\AbayERP_UPdate\cake\libs\model\datasources\dbo_source.php, line 681]
2024-07-01 05:34:04 Warning: Warning (512): <span style="color:Red;text-align:left"><b>SQL Error:</b> 1054: Unknown column 'User.password' in 'where clause'</span> in [C:\wamp\www\AbayERP_UPdate\cake\libs\model\datasources\dbo_source.php, line 681]
2024-07-01 05:41:03 Warning: Warning (512): <span style="color:Red;text-align:left"><b>SQL Error:</b> 1054: Unknown column 'User.password' in 'where clause'</span> in [C:\wamp\www\AbayERP_UPdate\cake\libs\model\datasources\dbo_source.php, line 681]
2024-07-01 05:43:17 Warning: Warning (512): <span style="color:Red;text-align:left"><b>SQL Error:</b> 1054: Unknown column 'User.password' in 'where clause'</span> in [C:\wamp\www\AbayERP_UPdate\cake\libs\model\datasources\dbo_source.php, line 681]
2024-07-01 06:01:40 Warning: Warning (512): <span style="color:Red;text-align:left"><b>SQL Error:</b> 1054: Unknown column 'User.password' in 'where clause'</span> in [C:\wamp\www\AbayERP_UPdate\cake\libs\model\datasources\dbo_source.php, line 681]
2024-07-01 06:20:06 Warning: Warning (2): Invalid argument supplied for foreach() in [C:\wamp\www\AbayERP_UPdate\cake\libs\model\datasources\dbo\dbo_mysql.php, line 127]
2024-07-01 06:20:10 Warning: Warning (2): array_keys() expects parameter 1 to be array, boolean given in [C:\wamp\www\AbayERP_UPdate\cake\libs\model\datasources\dbo_source.php, line 1944]
2024-07-01 06:20:10 Warning: Warning (2): array_keys() expects parameter 1 to be array, boolean given in [C:\wamp\www\AbayERP_UPdate\cake\libs\model\datasources\dbo_source.php, line 1957]
2024-07-01 06:20:10 Warning: Warning (2): array_filter() expects parameter 1 to be array, null given in [C:\wamp\www\AbayERP_UPdate\cake\libs\model\datasources\dbo_source.php, line 1961]
2024-07-01 06:20:10 Warning: Warning (2): array_values() expects parameter 1 to be array, null given in [C:\wamp\www\AbayERP_UPdate\cake\libs\model\datasources\dbo_source.php, line 1961]
2024-07-01 06:20:10 Warning: Warning (2): array_unique() expects parameter 1 to be array, null given in [C:\wamp\www\AbayERP_UPdate\cake\libs\model\datasources\dbo_source.php, line 2053]
2024-07-01 06:20:10 Warning: Warning (2): array_merge() [<a href='http://php.net/function.array-merge'>function.array-merge</a>]: Argument #1 is not an array in [C:\wamp\www\AbayERP_UPdate\cake\libs\model\datasources\dbo_source.php, line 1312]
2024-07-01 06:20:10 Warning: Warning (2): array_unique() expects parameter 1 to be array, null given in [C:\wamp\www\AbayERP_UPdate\cake\libs\model\datasources\dbo_source.php, line 1316]
2024-07-01 06:20:10 Warning: Warning (2): implode() [<a href='http://php.net/function.implode'>function.implode</a>]: Invalid arguments passed in [C:\wamp\www\AbayERP_UPdate\cake\libs\model\datasources\dbo_source.php, line 1456]
2024-07-01 06:20:10 Warning: Warning (2): array_unique() expects parameter 1 to be array, null given in [C:\wamp\www\AbayERP_UPdate\cake\libs\model\datasources\dbo_source.php, line 1237]
2024-07-01 06:20:10 Warning: Warning (2): array_keys() expects parameter 1 to be array, boolean given in [C:\wamp\www\AbayERP_UPdate\cake\libs\model\model.php, line 2883]
2024-07-01 06:20:10 Warning: Warning (2): array_merge() [<a href='http://php.net/function.array-merge'>function.array-merge</a>]: Argument #1 is not an array in [C:\wamp\www\AbayERP_UPdate\cake\libs\model\datasources\dbo_source.php, line 1350]
2024-07-01 06:20:25 Warning: Warning (512): <span style="color:Red;text-align:left"><b>SQL Error:</b> 1054: Unknown column 'User.password' in 'where clause'</span> in [C:\wamp\www\AbayERP_UPdate\cake\libs\model\datasources\dbo_source.php, line 681]
2024-07-01 06:21:50 Warning: Warning (512): <span style="color:Red;text-align:left"><b>SQL Error:</b> 1054: Unknown column 'User.password' in 'where clause'</span> in [C:\wamp\www\AbayERP_UPdate\cake\libs\model\datasources\dbo_source.php, line 681]
2024-07-01 06:55:30 Warning: Warning (512): <span style="color:Red;text-align:left"><b>SQL Error:</b> 1054: Unknown column 'User.password' in 'where clause'</span> in [C:\wamp\www\AbayERP_UPdate\cake\libs\model\datasources\dbo_source.php, line 681]
2024-07-01 07:32:58 Warning: Warning (512): <span style="color:Red;text-align:left"><b>SQL Error:</b> 1054: Unknown column 'User.password' in 'where clause'</span> in [C:\wamp\www\AbayERP_UPdate\cake\libs\model\datasources\dbo_source.php, line 681]
2024-07-01 08:01:51 Warning: Warning (2): mysql_connect() [<a href='http://php.net/function.mysql-connect'>function.mysql-connect</a>]: Access denied for user 'root'@'localhost' (using password: NO) in [C:\wamp\www\AbayERP_UPdate\cake\libs\model\datasources\dbo\dbo_mysql.php, line 540]
2024-07-01 08:01:51 Warning: Warning (2): mysql_select_db() expects parameter 2 to be resource, boolean given in [C:\wamp\www\AbayERP_UPdate\cake\libs\model\datasources\dbo\dbo_mysql.php, line 546]
2024-07-01 08:01:51 Warning: Warning (2): mysql_get_server_info() expects parameter 1 to be resource, boolean given in [C:\wamp\www\AbayERP_UPdate\cake\libs\model\datasources\dbo\dbo_mysql.php, line 554]
2024-07-01 08:01:51 Warning: Warning (2): mysql_query() expects parameter 2 to be resource, boolean given in [C:\wamp\www\AbayERP_UPdate\cake\libs\model\datasources\dbo\dbo_mysql.php, line 588]
2024-07-01 08:22:15 Warning: Warning (512): <span style="color:Red;text-align:left"><b>SQL Error:</b> 1054: Unknown column 'User.password' in 'where clause'</span> in [C:\wamp\www\AbayERP_UPdate\cake\libs\model\datasources\dbo_source.php, line 681]
2024-07-01 08:58:07 Warning: Warning (512): <span style="color:Red;text-align:left"><b>SQL Error:</b> 1054: Unknown column 'Employee.emp_loc_id' in 'on clause'</span> in [C:\wamp\www\AbayERP_UPdate\cake\libs\model\datasources\dbo_source.php, line 681]
2024-07-01 08:58:44 Warning: Warning (512): <span style="color:Red;text-align:left"><b>SQL Error:</b> 1054: Unknown column 'Employee.emp_loc_id' in 'on clause'</span> in [C:\wamp\www\AbayERP_UPdate\cake\libs\model\datasources\dbo_source.php, line 681]
2024-07-01 09:01:44 Warning: Warning (512): <span style="color:Red;text-align:left"><b>SQL Error:</b> 1054: Unknown column 'Employee.emp_loc_id' in 'on clause'</span> in [C:\wamp\www\AbayERP_UPdate\cake\libs\model\datasources\dbo_source.php, line 681]
2024-07-01 09:59:47 Warning: Warning (512): <span style="color:Red;text-align:left"><b>SQL Error:</b> 1054: Unknown column 'Employee.emp_loc_id' in 'on clause'</span> in [C:\wamp\www\AbayERP_UPdate\cake\libs\model\datasources\dbo_source.php, line 681]
2024-07-01 10:00:18 Warning: Warning (512): <span style="color:Red;text-align:left"><b>SQL Error:</b> 1054: Unknown column 'Employee.emp_loc_id' in 'on clause'</span> in [C:\wamp\www\AbayERP_UPdate\cake\libs\model\datasources\dbo_source.php, line 681]
2024-07-01 10:01:47 Warning: Warning (512): <span style="color:Red;text-align:left"><b>SQL Error:</b> 1054: Unknown column 'Employee.emp_loc_id' in 'on clause'</span> in [C:\wamp\www\AbayERP_UPdate\cake\libs\model\datasources\dbo_source.php, line 681]
2024-07-01 13:11:49 Warning: Warning (2): mysql_connect() [<a href='http://php.net/function.mysql-connect'>function.mysql-connect</a>]: Access denied for user 'root'@'localhost' (using password: YES) in [C:\wamp\www\AbayERP_UPdate\cake\libs\model\datasources\dbo\dbo_mysql.php, line 540]
2024-07-01 13:11:49 Warning: Warning (2): mysql_select_db() expects parameter 2 to be resource, boolean given in [C:\wamp\www\AbayERP_UPdate\cake\libs\model\datasources\dbo\dbo_mysql.php, line 546]
2024-07-01 13:11:49 Warning: Warning (2): mysql_get_server_info() expects parameter 1 to be resource, boolean given in [C:\wamp\www\AbayERP_UPdate\cake\libs\model\datasources\dbo\dbo_mysql.php, line 554]
2024-07-01 13:11:50 Warning: Warning (2): mysql_query() expects parameter 2 to be resource, boolean given in [C:\wamp\www\AbayERP_UPdate\cake\libs\model\datasources\dbo\dbo_mysql.php, line 588]
2024-07-01 13:12:02 Warning: Warning (2): mysql_connect() [<a href='http://php.net/function.mysql-connect'>function.mysql-connect</a>]: Access denied for user 'root'@'localhost' (using password: YES) in [C:\wamp\www\AbayERP_UPdate\cake\libs\model\datasources\dbo\dbo_mysql.php, line 540]
2024-07-01 13:12:02 Warning: Warning (2): mysql_select_db() expects parameter 2 to be resource, boolean given in [C:\wamp\www\AbayERP_UPdate\cake\libs\model\datasources\dbo\dbo_mysql.php, line 546]
2024-07-01 13:12:02 Warning: Warning (2): mysql_get_server_info() expects parameter 1 to be resource, boolean given in [C:\wamp\www\AbayERP_UPdate\cake\libs\model\datasources\dbo\dbo_mysql.php, line 554]
2024-07-01 13:12:02 Warning: Warning (2): mysql_query() expects parameter 2 to be resource, boolean given in [C:\wamp\www\AbayERP_UPdate\cake\libs\model\datasources\dbo\dbo_mysql.php, line 588]
2024-07-01 13:12:30 Warning: Warning (2): mysql_connect() [<a href='http://php.net/function.mysql-connect'>function.mysql-connect</a>]: Access denied for user 'root'@'localhost' (using password: YES) in [C:\wamp\www\AbayERP_UPdate\cake\libs\model\datasources\dbo\dbo_mysql.php, line 540]
2024-07-01 13:12:30 Warning: Warning (2): mysql_select_db() expects parameter 2 to be resource, boolean given in [C:\wamp\www\AbayERP_UPdate\cake\libs\model\datasources\dbo\dbo_mysql.php, line 546]
2024-07-01 13:12:30 Warning: Warning (2): mysql_get_server_info() expects parameter 1 to be resource, boolean given in [C:\wamp\www\AbayERP_UPdate\cake\libs\model\datasources\dbo\dbo_mysql.php, line 554]
2024-07-01 13:12:30 Warning: Warning (2): mysql_query() expects parameter 2 to be resource, boolean given in [C:\wamp\www\AbayERP_UPdate\cake\libs\model\datasources\dbo\dbo_mysql.php, line 588]
2024-07-01 13:34:39 Warning: Warning (2): mysql_connect() [<a href='http://php.net/function.mysql-connect'>function.mysql-connect</a>]: Access denied for user 'root'@'localhost' (using password: YES) in [C:\wamp\www\AbayERP_UPdate\cake\libs\model\datasources\dbo\dbo_mysql.php, line 540]
2024-07-01 13:34:39 Warning: Warning (2): mysql_select_db() expects parameter 2 to be resource, boolean given in [C:\wamp\www\AbayERP_UPdate\cake\libs\model\datasources\dbo\dbo_mysql.php, line 546]
2024-07-01 13:34:39 Warning: Warning (2): mysql_get_server_info() expects parameter 1 to be resource, boolean given in [C:\wamp\www\AbayERP_UPdate\cake\libs\model\datasources\dbo\dbo_mysql.php, line 554]
2024-07-01 13:34:39 Warning: Warning (2): mysql_query() expects parameter 2 to be resource, boolean given in [C:\wamp\www\AbayERP_UPdate\cake\libs\model\datasources\dbo\dbo_mysql.php, line 588]
2024-07-02 06:07:13 Warning: Warning (2): mysql_connect() [<a href='http://php.net/function.mysql-connect'>function.mysql-connect</a>]: Access denied for user 'root'@'localhost' (using password: YES) in [C:\wamp\www\AbayERP_UPdate\cake\libs\model\datasources\dbo\dbo_mysql.php, line 540]
2024-07-02 06:07:13 Warning: Warning (2): mysql_select_db() expects parameter 2 to be resource, boolean given in [C:\wamp\www\AbayERP_UPdate\cake\libs\model\datasources\dbo\dbo_mysql.php, line 546]
2024-07-02 06:07:13 Warning: Warning (2): mysql_get_server_info() expects parameter 1 to be resource, boolean given in [C:\wamp\www\AbayERP_UPdate\cake\libs\model\datasources\dbo\dbo_mysql.php, line 554]
2024-07-02 06:07:13 Warning: Warning (2): mysql_query() expects parameter 2 to be resource, boolean given in [C:\wamp\www\AbayERP_UPdate\cake\libs\model\datasources\dbo\dbo_mysql.php, line 588]
2024-07-02 06:34:33 Warning: Warning (512): <span style="color:Red;text-align:left"><b>SQL Error:</b> 1054: Unknown column 'MisLetterDetail.released_by' in 'on clause'</span> in [C:\wamp\www\AbayERP_UPdate\cake\libs\model\datasources\dbo_source.php, line 681]
2024-07-02 06:34:33 Warning: Warning (2): Invalid argument supplied for foreach() in [C:\wamp\www\AbayERP_UPdate\app\plugins\mis\views\mis_letter_details\list_data.ctp, line 5]
2024-07-02 11:46:34 Warning: Warning (2): Invalid argument supplied for foreach() in [C:\wamp\www\AbayERP_UPdate\app\controllers\reports_controller.php, line 212]
2024-07-02 11:48:27 Warning: Warning (2): Invalid argument supplied for foreach() in [C:\wamp\www\AbayERP_UPdate\app\controllers\reports_controller.php, line 212]
2024-07-03 06:09:46 Warning: Warning (2): Invalid argument supplied for foreach() in [C:\wamp\www\AbayERP_UPdate\app\controllers\reports_controller.php, line 210]
